[+] Containers:
 |- [+] Container: /Game/ThirdPerson/Maps/ThirdPersonMap
 |   |- [+] ActorDescs:
 |   |   |- Guid:0140AEBA4DB08382916E4E9A64C5ECB6 BaseClass:/Game/ThirdPerson/Blueprints/Lava.Lava_C NativeClass:/Script/Engine.Actor Name:Lava_C_UAID_E89C257F851EEF1202_1474101569 Label:Lava SpatiallyLoaded:1 Bounds:IsValid=true, Min=(X=1365.000 Y=1875.000 Z=80.000), Max=(X=1375.000 Y=1885.000 Z=90.000) RuntimeGrid:None EditorOnly:0 RuntimeOnly:0 HLODRelevant:0 ListedInSceneOutliner:1 IsMainWorldOnly:0
 |   |   |- Guid:06FBF48D475E8F08A85EFA90BF181ABA BaseClass: NativeClass:/Script/Engine.StaticMeshActor Name:StaticMeshActor_UAID_E89C257F851E021002_1468342748 Label:Stairs SpatiallyLoaded:1 Bounds:IsValid=true, Min=(X=1356.270 Y=2094.523 Z=-0.924), Max=(X=1596.270 Y=2469.523 Z=199.076) RuntimeGrid:None EditorOnly:0 RuntimeOnly:0 HLODRelevant:1 ListedInSceneOutliner:1 IsMainWorldOnly:0
 |   |   |- Guid:1B2D8CFF402B7A3544D22B9B98508C17 BaseClass: NativeClass:/Script/Engine.StaticMeshActor Name:StaticMeshActor_UAID_E89C257F851E041002_1675082108 Label:Box SpatiallyLoaded:1 Bounds:IsValid=true, Min=(X=1593.927 Y=2026.585 Z=-3.209), Max=(X=1993.927 Y=2526.585 Z=196.791) RuntimeGrid:None EditorOnly:0 RuntimeOnly:0 HLODRelevant:1 ListedInSceneOutliner:1 IsMainWorldOnly:0
 |   |   |- Guid:2FB58999456391D349DC0F86DAC136ED BaseClass: NativeClass:/Script/Engine.SkyLight Name:SkyLight_1 Label:SkyLight SpatiallyLoaded:0 Bounds:IsValid=true, Min=(X=0.000 Y=0.000 Z=690.000), Max=(X=0.000 Y=0.000 Z=690.000) RuntimeGrid:None EditorOnly:0 RuntimeOnly:0 HLODRelevant:0 ListedInSceneOutliner:1 IsMainWorldOnly:0 FolderPath:Lighting FolderGuid:963EC3EB4002CCE9759E2EBA541A873A
 |   |   |- Guid:2FF238BA4A39590B29FF31AD394BD2E6 BaseClass:/Game/ThirdPerson/Blueprints/Heal.Heal_C NativeClass:/Script/Engine.Actor Name:Heal_C_UAID_E89C257F851EEF1202_1470059567 Label:Heal SpatiallyLoaded:1 Bounds:IsValid=true, Min=(X=1525.000 Y=965.000 Z=80.000), Max=(X=1535.000 Y=975.000 Z=90.000) RuntimeGrid:None EditorOnly:0 RuntimeOnly:0 HLODRelevant:0 ListedInSceneOutliner:1 IsMainWorldOnly:0
 |   |   |- Guid:303DD30A444A71A8188C298D28E20EC2 BaseClass:/Game/ThirdPerson/Blueprints/Lava.Lava_C NativeClass:/Script/Engine.Actor Name:Lava_C_UAID_E89C257F851EEF1202_1475445570 Label:Lava2 SpatiallyLoaded:1 Bounds:IsValid=true, Min=(X=1165.000 Y=1855.000 Z=80.000), Max=(X=1175.000 Y=1865.000 Z=90.000) RuntimeGrid:None EditorOnly:0 RuntimeOnly:0 HLODRelevant:0 ListedInSceneOutliner:1 IsMainWorldOnly:0
 |   |   |- Guid:316CF2A6494ACA4C0E4180A87D36AB8F BaseClass: NativeClass:/Script/Engine.ExponentialHeightFog Name:ExponentialHeightFog_0 Label:ExponentialHeightFog SpatiallyLoaded:0 Bounds:IsValid=true, Min=(X=-5600.000 Y=-50.000 Z=-6850.000), Max=(X=-5600.000 Y=-50.000 Z=-6850.000) RuntimeGrid:None EditorOnly:0 RuntimeOnly:0 HLODRelevant:0 ListedInSceneOutliner:1 IsMainWorldOnly:0 FolderPath:Lighting FolderGuid:963EC3EB4002CCE9759E2EBA541A873A
 |   |   |- Guid:381B5F8E456A863B7D79A3B29CD64E70 BaseClass:/Game/ThirdPerson/Blueprints/Heal.Heal_C NativeClass:/Script/Engine.Actor Name:Heal_C_UAID_E89C257F851EEF1202_1471727568 Label:Heal2 SpatiallyLoaded:1 Bounds:IsValid=true, Min=(X=1215.000 Y=1005.000 Z=80.000), Max=(X=1225.000 Y=1015.000 Z=90.000) RuntimeGrid:None EditorOnly:0 RuntimeOnly:0 HLODRelevant:0 ListedInSceneOutliner:1 IsMainWorldOnly:0
 |   |   |- Guid:3A00AA1C422CE54C0BDB60BAF471BFBB BaseClass: NativeClass:/Script/Engine.PlayerStart Name:PlayerStart_0 Label:PlayerStart SpatiallyLoaded:0 Bounds:IsValid=true, Min=(X=860.000 Y=1070.000 Z=0.013), Max=(X=940.000 Y=1150.000 Z=184.013) RuntimeGrid:None EditorOnly:0 RuntimeOnly:0 HLODRelevant:0 ListedInSceneOutliner:1 IsMainWorldOnly:0
 |   |   |- Guid:43FA05D3462BB5CBFC681A907D9C4758 BaseClass:/Game/ThirdPerson/Blueprints/Gate.Gate_C NativeClass:/Script/Engine.Actor Name:Gate_C_UAID_E89C257F851E041002_1511794107 Label:Gate SpatiallyLoaded:1 Bounds:IsValid=true, Min=(X=1621.123 Y=2129.801 Z=-419.720), Max=(X=2003.042 Y=3579.801 Z=840.280) RuntimeGrid:None EditorOnly:0 RuntimeOnly:0 HLODRelevant:0 ListedInSceneOutliner:1 IsMainWorldOnly:0
 |   |   |- Guid:4D3BE93F4146AAAC8BBE79999D96D57F BaseClass: NativeClass:/Script/Engine.VolumetricCloud Name:VolumetricCloud_0 Label:VolumetricCloud SpatiallyLoaded:0 Bounds:IsValid=true, Min=(X=0.000 Y=0.000 Z=820.000), Max=(X=0.000 Y=0.000 Z=820.000) RuntimeGrid:None EditorOnly:0 RuntimeOnly:0 HLODRelevant:0 ListedInSceneOutliner:1 IsMainWorldOnly:0 FolderPath:Lighting FolderGuid:963EC3EB4002CCE9759E2EBA541A873A
 |   |   |- Guid:629179694A23D329E6360EB44E380A2A BaseClass:/Game/ThirdPerson/Blueprints/NewBlueprint.NewBlueprint_C NativeClass:/Script/Engine.Actor Name:NewBlueprint_C_UAID_E89C257F851E081002_2121267814 Label:NewBlueprint SpatiallyLoaded:1 Bounds:IsValid=true, Min=(X=608.000 Y=2158.000 Z=-30.000), Max=(X=832.000 Y=2307.728 Z=770.000) RuntimeGrid:None EditorOnly:0 RuntimeOnly:0 HLODRelevant:0 ListedInSceneOutliner:1 IsMainWorldOnly:0
 |   |   |- Guid:6BAF4DDD444C60371492D3919DB42C97 BaseClass: NativeClass:/Script/Engine.WorldDataLayers Name:WorldDataLayers Label:WorldDataLayers SpatiallyLoaded:0 Bounds:IsValid=true, Min=(X=0.000 Y=0.000 Z=0.000), Max=(X=0.000 Y=0.000 Z=0.000) RuntimeGrid:None EditorOnly:0 RuntimeOnly:0 HLODRelevant:0 ListedInSceneOutliner:1 IsMainWorldOnly:1
 |   |   |- Guid:7F39971648B12EC94B6142A28179D5FB BaseClass:/Game/LowPolyMedievalConstructions/Blueprints/SM_Plate_2_Blueprint.SM_Plate_2_Blueprint_C NativeClass:/Script/Engine.Actor Name:SM_Plate_2_Blueprint_C_UAID_E89C257F851E021002_1162390743 Label:SM_Plate_2_Blueprint SpatiallyLoaded:1 Bounds:IsValid=true, Min=(X=2146.000 Y=966.000 Z=140.000), Max=(X=2194.000 Y=1014.000 Z=180.856) RuntimeGrid:None EditorOnly:0 RuntimeOnly:0 HLODRelevant:0 ListedInSceneOutliner:1 IsMainWorldOnly:0
 |   |   |- Guid:B785ED2844B84CFB91E7F39FE661CD99 BaseClass: NativeClass:/Script/Engine.DirectionalLight Name:DirectionalLight_0 Label:DirectionalLight SpatiallyLoaded:0 Bounds:IsValid=true, Min=(X=-1048576.000 Y=-1048576.000 Z=-1048576.000), Max=(X=1048576.000 Y=1048576.000 Z=1048576.000) RuntimeGrid:None EditorOnly:0 RuntimeOnly:0 HLODRelevant:0 ListedInSceneOutliner:1 IsMainWorldOnly:0 FolderPath:Lighting FolderGuid:963EC3EB4002CCE9759E2EBA541A873A
 |   |   |- Guid:BBA7ABF94E4122E249866192601CF7F0 BaseClass:/Game/ThirdPerson/Blueprints/SM_Cupboard_4_Gr_B_Blueprint.SM_Cupboard_4_Gr_B_Blueprint_C NativeClass:/Script/Engine.Actor Name:SM_Cupboard_4_Gr_B_Blueprint_C_UAID_E89C257F851EB70F02_1448164545 Label:SM_Cupboard_4_Gr_B_Blueprint SpatiallyLoaded:1 Bounds:IsValid=true, Min=(X=2303.951 Y=944.218 Z=-0.216), Max=(X=2536.049 Y=1015.260 Z=355.579) RuntimeGrid:None EditorOnly:0 RuntimeOnly:0 HLODRelevant:0 ListedInSceneOutliner:1 IsMainWorldOnly:0
 |   |   |- Guid:CCFF262C46EEFFDF319E7F9539CE697E BaseClass: NativeClass:/Script/Engine.SkyAtmosphere Name:SkyAtmosphere_0 Label:SkyAtmosphere SpatiallyLoaded:0 Bounds:IsValid=true, Min=(X=0.000 Y=0.000 Z=1020.000), Max=(X=0.000 Y=0.000 Z=1020.000) RuntimeGrid:None EditorOnly:0 RuntimeOnly:0 HLODRelevant:0 ListedInSceneOutliner:1 IsMainWorldOnly:0 FolderPath:Lighting FolderGuid:963EC3EB4002CCE9759E2EBA541A873A
 |   |   |- Guid:D31523CB40EE83FBC2E91A82358B3725 BaseClass:/Game/LowPolyMedievalConstructions/Blueprints/SM_Weapon_Stand_Gr_A_Blueprint.SM_Weapon_Stand_Gr_A_Blueprint_C NativeClass:/Script/Engine.Actor Name:SM_Weapon_Stand_Gr_A_Blueprint_C_UAID_E89C257F851E021002_1208690744 Label:SM_Weapon_Stand_Gr_A_Blueprint SpatiallyLoaded:1 Bounds:IsValid=true, Min=(X=2531.185 Y=1083.612 Z=-7.150), Max=(X=2708.815 Y=1196.388 Z=315.353) RuntimeGrid:None EditorOnly:0 RuntimeOnly:0 HLODRelevant:0 ListedInSceneOutliner:1 IsMainWorldOnly:0
 |   |   |- Guid:D33CC66B44E2F692FD48C6B1A1F82CA3 BaseClass:/Game/ThirdPerson/Blueprints/BP_Immortality.BP_Immortality_C NativeClass:/Script/Engine.Actor Name:BP_Immortality_C_UAID_E89C257F851E191302_1955637959 Label:BP_Immortality SpatiallyLoaded:1 Bounds:IsValid=true, Min=(X=1070.000 Y=1410.000 Z=70.000), Max=(X=1090.000 Y=1430.000 Z=90.000) RuntimeGrid:None EditorOnly:0 RuntimeOnly:0 HLODRelevant:0 ListedInSceneOutliner:1 IsMainWorldOnly:0
 |   |   |- Guid:DE28DF8E409D02FFF975079856D65B98 BaseClass:/Game/ThirdPerson/Blueprints/SM_Cupboard_4_Gr_A_Blueprint.SM_Cupboard_4_Gr_A_Blueprint_C NativeClass:/Script/Engine.Actor Name:SM_Cupboard_4_Gr_A_Blueprint_C_UAID_E89C257F851EB70F02_1340246544 Label:SM_Cupboard_4_Gr_A_Blueprint SpatiallyLoaded:1 Bounds:IsValid=true, Min=(X=2078.624 Y=940.850 Z=-0.216), Max=(X=2310.722 Y=1011.892 Z=355.579) RuntimeGrid:None EditorOnly:0 RuntimeOnly:0 HLODRelevant:0 ListedInSceneOutliner:1 IsMainWorldOnly:0
 |   |   |- Guid:EB42D0A54DA9F75A0D007298D82ACEA1 BaseClass:/Game/ThirdPerson/Blueprints/BP_ChangeModel.BP_ChangeModel_C NativeClass:/Script/Engine.Actor Name:BP_ChangeModel_C_UAID_E89C257F851E1C1302_2131672489 Label:BP_ChangeModel SpatiallyLoaded:1 Bounds:IsValid=true, Min=(X=650.000 Y=335.000 Z=-5.000), Max=(X=950.000 Y=585.000 Z=5.000) RuntimeGrid:None EditorOnly:0 RuntimeOnly:0 HLODRelevant:0 ListedInSceneOutliner:1 IsMainWorldOnly:0
 |   |   |- Guid:EC4E0C944CE6AC6E784BC6BB2916EA13 BaseClass: NativeClass:/Script/Engine.StaticMeshActor Name:StaticMeshActor_UAID_A4AE111137DC5EFB00_1110535423 Label:SM_SkySphere SpatiallyLoaded:0 Bounds:IsValid=true, Min=(X=-1638400.000 Y=-1638400.000 Z=-1638400.000), Max=(X=1638400.000 Y=1638400.000 Z=1638400.000) RuntimeGrid:None EditorOnly:0 RuntimeOnly:0 HLODRelevant:1 ListedInSceneOutliner:1 IsMainWorldOnly:0 FolderPath:Lighting FolderGuid:963EC3EB4002CCE9759E2EBA541A873A
 |   |   |- Guid:F1924B8D48954B30891B2DB6A694F9CC BaseClass: NativeClass:/Script/Engine.StaticMeshActor Name:StaticMeshActor_1 Label:SM_Cube SpatiallyLoaded:1 Bounds:IsValid=true, Min=(X=0.000 Y=0.000 Z=-50.000), Max=(X=3000.000 Y=3500.000 Z=0.000) RuntimeGrid:None EditorOnly:0 RuntimeOnly:0 HLODRelevant:1 ListedInSceneOutliner:1 IsMainWorldOnly:0 FolderPath:Playground FolderGuid:C73F09FC4215536B1DCE2A9E0A830C70
 |   |   |- Guid:F580789D4F132A0BA5D078B55F5453F9 BaseClass: NativeClass:/Script/Engine.StaticMeshActor Name:StaticMeshActor_UAID_E89C257F851E041002_1741642109 Label:Box2 SpatiallyLoaded:1 Bounds:IsValid=true, Min=(X=1593.927 Y=2936.585 Z=-3.209), Max=(X=1993.927 Y=3436.585 Z=196.791) RuntimeGrid:None EditorOnly:0 RuntimeOnly:0 HLODRelevant:1 ListedInSceneOutliner:1 IsMainWorldOnly:0
 |   |   |- Guid:F5E3FEB3450C49844FD93DA8E083C8AD BaseClass: NativeClass:/Script/Engine.PostProcessVolume Name:PostProcessVolume_0 Label:PostProcessVolume SpatiallyLoaded:0 Bounds:IsValid=true, Min=(X=0.000 Y=0.000 Z=400.000), Max=(X=200.000 Y=200.000 Z=600.000) RuntimeGrid:None EditorOnly:0 RuntimeOnly:0 HLODRelevant:0 ListedInSceneOutliner:1 IsMainWorldOnly:0 FolderPath:Lighting FolderGuid:963EC3EB4002CCE9759E2EBA541A873A
 |   |- [+] Clusters:
 |   |   |- [+] [  0]
 |   |   |   |- Guid:0140AEBA4DB08382916E4E9A64C5ECB6 BaseClass:/Game/ThirdPerson/Blueprints/Lava.Lava_C NativeClass:/Script/Engine.Actor Name:Lava_C_UAID_E89C257F851EEF1202_1474101569 Label:Lava SpatiallyLoaded:1 Bounds:IsValid=true, Min=(X=1365.000 Y=1875.000 Z=80.000), Max=(X=1375.000 Y=1885.000 Z=90.000) RuntimeGrid:None EditorOnly:0 RuntimeOnly:0 HLODRelevant:0 ListedInSceneOutliner:1 IsMainWorldOnly:0
 |   |   |- [+] [  1]
 |   |   |   |- Guid:06FBF48D475E8F08A85EFA90BF181ABA BaseClass: NativeClass:/Script/Engine.StaticMeshActor Name:StaticMeshActor_UAID_E89C257F851E021002_1468342748 Label:Stairs SpatiallyLoaded:1 Bounds:IsValid=true, Min=(X=1356.270 Y=2094.523 Z=-0.924), Max=(X=1596.270 Y=2469.523 Z=199.076) RuntimeGrid:None EditorOnly:0 RuntimeOnly:0 HLODRelevant:1 ListedInSceneOutliner:1 IsMainWorldOnly:0
 |   |   |- [+] [  2]
 |   |   |   |- Guid:1B2D8CFF402B7A3544D22B9B98508C17 BaseClass: NativeClass:/Script/Engine.StaticMeshActor Name:StaticMeshActor_UAID_E89C257F851E041002_1675082108 Label:Box SpatiallyLoaded:1 Bounds:IsValid=true, Min=(X=1593.927 Y=2026.585 Z=-3.209), Max=(X=1993.927 Y=2526.585 Z=196.791) RuntimeGrid:None EditorOnly:0 RuntimeOnly:0 HLODRelevant:1 ListedInSceneOutliner:1 IsMainWorldOnly:0
 |   |   |- [+] [  3]
 |   |   |   |- Guid:2FB58999456391D349DC0F86DAC136ED BaseClass: NativeClass:/Script/Engine.SkyLight Name:SkyLight_1 Label:SkyLight SpatiallyLoaded:0 Bounds:IsValid=true, Min=(X=0.000 Y=0.000 Z=690.000), Max=(X=0.000 Y=0.000 Z=690.000) RuntimeGrid:None EditorOnly:0 RuntimeOnly:0 HLODRelevant:0 ListedInSceneOutliner:1 IsMainWorldOnly:0 FolderPath:Lighting FolderGuid:963EC3EB4002CCE9759E2EBA541A873A
 |   |   |- [+] [  4]
 |   |   |   |- Guid:2FF238BA4A39590B29FF31AD394BD2E6 BaseClass:/Game/ThirdPerson/Blueprints/Heal.Heal_C NativeClass:/Script/Engine.Actor Name:Heal_C_UAID_E89C257F851EEF1202_1470059567 Label:Heal SpatiallyLoaded:1 Bounds:IsValid=true, Min=(X=1525.000 Y=965.000 Z=80.000), Max=(X=1535.000 Y=975.000 Z=90.000) RuntimeGrid:None EditorOnly:0 RuntimeOnly:0 HLODRelevant:0 ListedInSceneOutliner:1 IsMainWorldOnly:0
 |   |   |- [+] [  5]
 |   |   |   |- Guid:303DD30A444A71A8188C298D28E20EC2 BaseClass:/Game/ThirdPerson/Blueprints/Lava.Lava_C NativeClass:/Script/Engine.Actor Name:Lava_C_UAID_E89C257F851EEF1202_1475445570 Label:Lava2 SpatiallyLoaded:1 Bounds:IsValid=true, Min=(X=1165.000 Y=1855.000 Z=80.000), Max=(X=1175.000 Y=1865.000 Z=90.000) RuntimeGrid:None EditorOnly:0 RuntimeOnly:0 HLODRelevant:0 ListedInSceneOutliner:1 IsMainWorldOnly:0
 |   |   |- [+] [  6]
 |   |   |   |- Guid:316CF2A6494ACA4C0E4180A87D36AB8F BaseClass: NativeClass:/Script/Engine.ExponentialHeightFog Name:ExponentialHeightFog_0 Label:ExponentialHeightFog SpatiallyLoaded:0 Bounds:IsValid=true, Min=(X=-5600.000 Y=-50.000 Z=-6850.000), Max=(X=-5600.000 Y=-50.000 Z=-6850.000) RuntimeGrid:None EditorOnly:0 RuntimeOnly:0 HLODRelevant:0 ListedInSceneOutliner:1 IsMainWorldOnly:0 FolderPath:Lighting FolderGuid:963EC3EB4002CCE9759E2EBA541A873A
 |   |   |- [+] [  7]
 |   |   |   |- Guid:381B5F8E456A863B7D79A3B29CD64E70 BaseClass:/Game/ThirdPerson/Blueprints/Heal.Heal_C NativeClass:/Script/Engine.Actor Name:Heal_C_UAID_E89C257F851EEF1202_1471727568 Label:Heal2 SpatiallyLoaded:1 Bounds:IsValid=true, Min=(X=1215.000 Y=1005.000 Z=80.000), Max=(X=1225.000 Y=1015.000 Z=90.000) RuntimeGrid:None EditorOnly:0 RuntimeOnly:0 HLODRelevant:0 ListedInSceneOutliner:1 IsMainWorldOnly:0
 |   |   |- [+] [  8]
 |   |   |   |- Guid:3A00AA1C422CE54C0BDB60BAF471BFBB BaseClass: NativeClass:/Script/Engine.PlayerStart Name:PlayerStart_0 Label:PlayerStart SpatiallyLoaded:0 Bounds:IsValid=true, Min=(X=860.000 Y=1070.000 Z=0.013), Max=(X=940.000 Y=1150.000 Z=184.013) RuntimeGrid:None EditorOnly:0 RuntimeOnly:0 HLODRelevant:0 ListedInSceneOutliner:1 IsMainWorldOnly:0
 |   |   |- [+] [  9]
 |   |   |   |- Guid:43FA05D3462BB5CBFC681A907D9C4758 BaseClass:/Game/ThirdPerson/Blueprints/Gate.Gate_C NativeClass:/Script/Engine.Actor Name:Gate_C_UAID_E89C257F851E041002_1511794107 Label:Gate SpatiallyLoaded:1 Bounds:IsValid=true, Min=(X=1621.123 Y=2129.801 Z=-419.720), Max=(X=2003.042 Y=3579.801 Z=840.280) RuntimeGrid:None EditorOnly:0 RuntimeOnly:0 HLODRelevant:0 ListedInSceneOutliner:1 IsMainWorldOnly:0
 |   |   |- [+] [ 10]
 |   |   |   |- Guid:4D3BE93F4146AAAC8BBE79999D96D57F BaseClass: NativeClass:/Script/Engine.VolumetricCloud Name:VolumetricCloud_0 Label:VolumetricCloud SpatiallyLoaded:0 Bounds:IsValid=true, Min=(X=0.000 Y=0.000 Z=820.000), Max=(X=0.000 Y=0.000 Z=820.000) RuntimeGrid:None EditorOnly:0 RuntimeOnly:0 HLODRelevant:0 ListedInSceneOutliner:1 IsMainWorldOnly:0 FolderPath:Lighting FolderGuid:963EC3EB4002CCE9759E2EBA541A873A
 |   |   |- [+] [ 11]
 |   |   |   |- Guid:629179694A23D329E6360EB44E380A2A BaseClass:/Game/ThirdPerson/Blueprints/NewBlueprint.NewBlueprint_C NativeClass:/Script/Engine.Actor Name:NewBlueprint_C_UAID_E89C257F851E081002_2121267814 Label:NewBlueprint SpatiallyLoaded:1 Bounds:IsValid=true, Min=(X=608.000 Y=2158.000 Z=-30.000), Max=(X=832.000 Y=2307.728 Z=770.000) RuntimeGrid:None EditorOnly:0 RuntimeOnly:0 HLODRelevant:0 ListedInSceneOutliner:1 IsMainWorldOnly:0
 |   |   |- [+] [ 12]
 |   |   |   |- Guid:6BAF4DDD444C60371492D3919DB42C97 BaseClass: NativeClass:/Script/Engine.WorldDataLayers Name:WorldDataLayers Label:WorldDataLayers SpatiallyLoaded:0 Bounds:IsValid=true, Min=(X=0.000 Y=0.000 Z=0.000), Max=(X=0.000 Y=0.000 Z=0.000) RuntimeGrid:None EditorOnly:0 RuntimeOnly:0 HLODRelevant:0 ListedInSceneOutliner:1 IsMainWorldOnly:1
 |   |   |- [+] [ 13]
 |   |   |   |- Guid:7F39971648B12EC94B6142A28179D5FB BaseClass:/Game/LowPolyMedievalConstructions/Blueprints/SM_Plate_2_Blueprint.SM_Plate_2_Blueprint_C NativeClass:/Script/Engine.Actor Name:SM_Plate_2_Blueprint_C_UAID_E89C257F851E021002_1162390743 Label:SM_Plate_2_Blueprint SpatiallyLoaded:1 Bounds:IsValid=true, Min=(X=2146.000 Y=966.000 Z=140.000), Max=(X=2194.000 Y=1014.000 Z=180.856) RuntimeGrid:None EditorOnly:0 RuntimeOnly:0 HLODRelevant:0 ListedInSceneOutliner:1 IsMainWorldOnly:0
 |   |   |- [+] [ 14]
 |   |   |   |- Guid:B785ED2844B84CFB91E7F39FE661CD99 BaseClass: NativeClass:/Script/Engine.DirectionalLight Name:DirectionalLight_0 Label:DirectionalLight SpatiallyLoaded:0 Bounds:IsValid=true, Min=(X=-1048576.000 Y=-1048576.000 Z=-1048576.000), Max=(X=1048576.000 Y=1048576.000 Z=1048576.000) RuntimeGrid:None EditorOnly:0 RuntimeOnly:0 HLODRelevant:0 ListedInSceneOutliner:1 IsMainWorldOnly:0 FolderPath:Lighting FolderGuid:963EC3EB4002CCE9759E2EBA541A873A
 |   |   |- [+] [ 15]
 |   |   |   |- Guid:BBA7ABF94E4122E249866192601CF7F0 BaseClass:/Game/ThirdPerson/Blueprints/SM_Cupboard_4_Gr_B_Blueprint.SM_Cupboard_4_Gr_B_Blueprint_C NativeClass:/Script/Engine.Actor Name:SM_Cupboard_4_Gr_B_Blueprint_C_UAID_E89C257F851EB70F02_1448164545 Label:SM_Cupboard_4_Gr_B_Blueprint SpatiallyLoaded:1 Bounds:IsValid=true, Min=(X=2303.951 Y=944.218 Z=-0.216), Max=(X=2536.049 Y=1015.260 Z=355.579) RuntimeGrid:None EditorOnly:0 RuntimeOnly:0 HLODRelevant:0 ListedInSceneOutliner:1 IsMainWorldOnly:0
 |   |   |- [+] [ 16]
 |   |   |   |- Guid:CCFF262C46EEFFDF319E7F9539CE697E BaseClass: NativeClass:/Script/Engine.SkyAtmosphere Name:SkyAtmosphere_0 Label:SkyAtmosphere SpatiallyLoaded:0 Bounds:IsValid=true, Min=(X=0.000 Y=0.000 Z=1020.000), Max=(X=0.000 Y=0.000 Z=1020.000) RuntimeGrid:None EditorOnly:0 RuntimeOnly:0 HLODRelevant:0 ListedInSceneOutliner:1 IsMainWorldOnly:0 FolderPath:Lighting FolderGuid:963EC3EB4002CCE9759E2EBA541A873A
 |   |   |- [+] [ 17]
 |   |   |   |- Guid:D31523CB40EE83FBC2E91A82358B3725 BaseClass:/Game/LowPolyMedievalConstructions/Blueprints/SM_Weapon_Stand_Gr_A_Blueprint.SM_Weapon_Stand_Gr_A_Blueprint_C NativeClass:/Script/Engine.Actor Name:SM_Weapon_Stand_Gr_A_Blueprint_C_UAID_E89C257F851E021002_1208690744 Label:SM_Weapon_Stand_Gr_A_Blueprint SpatiallyLoaded:1 Bounds:IsValid=true, Min=(X=2531.185 Y=1083.612 Z=-7.150), Max=(X=2708.815 Y=1196.388 Z=315.353) RuntimeGrid:None EditorOnly:0 RuntimeOnly:0 HLODRelevant:0 ListedInSceneOutliner:1 IsMainWorldOnly:0
 |   |   |- [+] [ 18]
 |   |   |   |- Guid:D33CC66B44E2F692FD48C6B1A1F82CA3 BaseClass:/Game/ThirdPerson/Blueprints/BP_Immortality.BP_Immortality_C NativeClass:/Script/Engine.Actor Name:BP_Immortality_C_UAID_E89C257F851E191302_1955637959 Label:BP_Immortality SpatiallyLoaded:1 Bounds:IsValid=true, Min=(X=1070.000 Y=1410.000 Z=70.000), Max=(X=1090.000 Y=1430.000 Z=90.000) RuntimeGrid:None EditorOnly:0 RuntimeOnly:0 HLODRelevant:0 ListedInSceneOutliner:1 IsMainWorldOnly:0
 |   |   |- [+] [ 19]
 |   |   |   |- Guid:DE28DF8E409D02FFF975079856D65B98 BaseClass:/Game/ThirdPerson/Blueprints/SM_Cupboard_4_Gr_A_Blueprint.SM_Cupboard_4_Gr_A_Blueprint_C NativeClass:/Script/Engine.Actor Name:SM_Cupboard_4_Gr_A_Blueprint_C_UAID_E89C257F851EB70F02_1340246544 Label:SM_Cupboard_4_Gr_A_Blueprint SpatiallyLoaded:1 Bounds:IsValid=true, Min=(X=2078.624 Y=940.850 Z=-0.216), Max=(X=2310.722 Y=1011.892 Z=355.579) RuntimeGrid:None EditorOnly:0 RuntimeOnly:0 HLODRelevant:0 ListedInSceneOutliner:1 IsMainWorldOnly:0
 |   |   |- [+] [ 20]
 |   |   |   |- Guid:EB42D0A54DA9F75A0D007298D82ACEA1 BaseClass:/Game/ThirdPerson/Blueprints/BP_ChangeModel.BP_ChangeModel_C NativeClass:/Script/Engine.Actor Name:BP_ChangeModel_C_UAID_E89C257F851E1C1302_2131672489 Label:BP_ChangeModel SpatiallyLoaded:1 Bounds:IsValid=true, Min=(X=650.000 Y=335.000 Z=-5.000), Max=(X=950.000 Y=585.000 Z=5.000) RuntimeGrid:None EditorOnly:0 RuntimeOnly:0 HLODRelevant:0 ListedInSceneOutliner:1 IsMainWorldOnly:0
 |   |   |- [+] [ 21]
 |   |   |   |- Guid:EC4E0C944CE6AC6E784BC6BB2916EA13 BaseClass: NativeClass:/Script/Engine.StaticMeshActor Name:StaticMeshActor_UAID_A4AE111137DC5EFB00_1110535423 Label:SM_SkySphere SpatiallyLoaded:0 Bounds:IsValid=true, Min=(X=-1638400.000 Y=-1638400.000 Z=-1638400.000), Max=(X=1638400.000 Y=1638400.000 Z=1638400.000) RuntimeGrid:None EditorOnly:0 RuntimeOnly:0 HLODRelevant:1 ListedInSceneOutliner:1 IsMainWorldOnly:0 FolderPath:Lighting FolderGuid:963EC3EB4002CCE9759E2EBA541A873A
 |   |   |- [+] [ 22]
 |   |   |   |- Guid:F1924B8D48954B30891B2DB6A694F9CC BaseClass: NativeClass:/Script/Engine.StaticMeshActor Name:StaticMeshActor_1 Label:SM_Cube SpatiallyLoaded:1 Bounds:IsValid=true, Min=(X=0.000 Y=0.000 Z=-50.000), Max=(X=3000.000 Y=3500.000 Z=0.000) RuntimeGrid:None EditorOnly:0 RuntimeOnly:0 HLODRelevant:1 ListedInSceneOutliner:1 IsMainWorldOnly:0 FolderPath:Playground FolderGuid:C73F09FC4215536B1DCE2A9E0A830C70
 |   |   |- [+] [ 23]
 |   |   |   |- Guid:F580789D4F132A0BA5D078B55F5453F9 BaseClass: NativeClass:/Script/Engine.StaticMeshActor Name:StaticMeshActor_UAID_E89C257F851E041002_1741642109 Label:Box2 SpatiallyLoaded:1 Bounds:IsValid=true, Min=(X=1593.927 Y=2936.585 Z=-3.209), Max=(X=1993.927 Y=3436.585 Z=196.791) RuntimeGrid:None EditorOnly:0 RuntimeOnly:0 HLODRelevant:1 ListedInSceneOutliner:1 IsMainWorldOnly:0
 |   |   |- [+] [ 24]
 |   |   |   |- Guid:F5E3FEB3450C49844FD93DA8E083C8AD BaseClass: NativeClass:/Script/Engine.PostProcessVolume Name:PostProcessVolume_0 Label:PostProcessVolume SpatiallyLoaded:0 Bounds:IsValid=true, Min=(X=0.000 Y=0.000 Z=400.000), Max=(X=200.000 Y=200.000 Z=600.000) RuntimeGrid:None EditorOnly:0 RuntimeOnly:0 HLODRelevant:0 ListedInSceneOutliner:1 IsMainWorldOnly:0 FolderPath:Lighting FolderGuid:963EC3EB4002CCE9759E2EBA541A873A
 |- ContainerInstances:
 |- [+] MainContainer:
 |   |-        ID: 00000000000000000000000000000000
 |   |-  ParentID: 00000000000000000000000000000000
 |   |-    Bounds: IsValid=false, Min=(X=0.000 Y=0.000 Z=0.000), Max=(X=0.000 Y=0.000 Z=0.000)
 |   |- Transform: 0.000000,0.000000,0.000000|0.000000,0.000000,-0.000000|1.000000,1.000000,1.000000
 |   |- Container: /Game/ThirdPerson/Maps/ThirdPersonMap
----------------------------------------------------------------------------------------------------------------
ThirdPersonMap - Persistent Level
----------------------------------------------------------------------------------------------------------------
[+] Content of ThirdPersonMap Persistent Level
 |- Always loaded Actor Count: 25 
 |- Actor Path: /Game/ThirdPerson/Maps/ThirdPersonMap.ThirdPersonMap:PersistentLevel.BP_ChangeModel_C_UAID_E89C257F851E1C1302_2131672489
 |- Actor Package: /Game/__ExternalActors__/ThirdPerson/Maps/ThirdPersonMap/F/56/FG3FUGU0PETSROR9A3LN1E
 |- Actor Path: /Game/ThirdPerson/Maps/ThirdPersonMap.ThirdPersonMap:PersistentLevel.BP_Immortality_C_UAID_E89C257F851E191302_1955637959
 |- Actor Package: /Game/__ExternalActors__/ThirdPerson/Maps/ThirdPersonMap/B/1H/LJA03A06SDIHDQ2CUSTSC7
 |- Actor Path: /Game/ThirdPerson/Maps/ThirdPersonMap.ThirdPersonMap:PersistentLevel.DirectionalLight_0
 |- Actor Package: /Game/__ExternalActors__/ThirdPerson/Maps/ThirdPersonMap/5/R1/TS5OQ5CRUWFZYL1ZQ7I416
 |- Actor Path: /Game/ThirdPerson/Maps/ThirdPersonMap.ThirdPersonMap:PersistentLevel.ExponentialHeightFog_0
 |- Actor Package: /Game/__ExternalActors__/ThirdPerson/Maps/ThirdPersonMap/6/J7/N10XDC9G27EMLS5AGZ6AVV
 |- Actor Path: /Game/ThirdPerson/Maps/ThirdPersonMap.ThirdPersonMap:PersistentLevel.Gate_C_UAID_E89C257F851E041002_1511794107
 |- Actor Package: /Game/__ExternalActors__/ThirdPerson/Maps/ThirdPersonMap/7/0U/LF35MCNMZBUW7393I12GHD
 |- Actor Path: /Game/ThirdPerson/Maps/ThirdPersonMap.ThirdPersonMap:PersistentLevel.Heal_C_UAID_E89C257F851EEF1202_1470059567
 |- Actor Package: /Game/__ExternalActors__/ThirdPerson/Maps/ThirdPersonMap/2/ZU/JPXMCB99Y28KSY6LB8P6CS
 |- Actor Path: /Game/ThirdPerson/Maps/ThirdPersonMap.ThirdPersonMap:PersistentLevel.Heal_C_UAID_E89C257F851EEF1202_1471727568
 |- Actor Package: /Game/__ExternalActors__/ThirdPerson/Maps/ThirdPersonMap/7/PX/OJIVPIA4AK46I8THXOONTH
 |- Actor Path: /Game/ThirdPerson/Maps/ThirdPersonMap.ThirdPersonMap:PersistentLevel.Lava_C_UAID_E89C257F851EEF1202_1474101569
 |- Actor Package: /Game/__ExternalActors__/ThirdPerson/Maps/ThirdPersonMap/8/EM/48B1YM4F0PNBFAI8TPT3WX
 |- Actor Path: /Game/ThirdPerson/Maps/ThirdPersonMap.ThirdPersonMap:PersistentLevel.Lava_C_UAID_E89C257F851EEF1202_1475445570
 |- Actor Package: /Game/__ExternalActors__/ThirdPerson/Maps/ThirdPersonMap/E/XL/8UUHMMVDVJDRCRVVVBQ7P4
 |- Actor Path: /Game/ThirdPerson/Maps/ThirdPersonMap.ThirdPersonMap:PersistentLevel.NewBlueprint_C_UAID_E89C257F851E081002_2121267814
 |- Actor Package: /Game/__ExternalActors__/ThirdPerson/Maps/ThirdPersonMap/7/YE/YCCDFI37E5P7SYRZDPA3PS
 |- Actor Path: /Game/ThirdPerson/Maps/ThirdPersonMap.ThirdPersonMap:PersistentLevel.PlayerStart_0
 |- Actor Package: /Game/__ExternalActors__/ThirdPerson/Maps/ThirdPersonMap/D/DE/SWSI13675DVYIZ0N4NF7Y3
 |- Actor Path: /Game/ThirdPerson/Maps/ThirdPersonMap.ThirdPersonMap:PersistentLevel.PostProcessVolume_0
 |- Actor Package: /Game/__ExternalActors__/ThirdPerson/Maps/ThirdPersonMap/1/AZ/A7GPT109Y6ZTTJD4A7TXER
 |- Actor Path: /Game/ThirdPerson/Maps/ThirdPersonMap.ThirdPersonMap:PersistentLevel.SkyAtmosphere_0
 |- Actor Package: /Game/__ExternalActors__/ThirdPerson/Maps/ThirdPersonMap/4/LN/30UBDLYFFA5ZR7U4W4L4GG
 |- Actor Path: /Game/ThirdPerson/Maps/ThirdPersonMap.ThirdPersonMap:PersistentLevel.SkyLight_1
 |- Actor Package: /Game/__ExternalActors__/ThirdPerson/Maps/ThirdPersonMap/8/S1/DXUWD12MD3HRWVVXX076BY
 |- Actor Path: /Game/ThirdPerson/Maps/ThirdPersonMap.ThirdPersonMap:PersistentLevel.SM_Cupboard_4_Gr_A_Blueprint_C_UAID_E89C257F851EB70F02_1340246544
 |- Actor Package: /Game/__ExternalActors__/ThirdPerson/Maps/ThirdPersonMap/1/XV/7S8FBG0MCD6V3GX7EHMC95
 |- Actor Path: /Game/ThirdPerson/Maps/ThirdPersonMap.ThirdPersonMap:PersistentLevel.SM_Cupboard_4_Gr_B_Blueprint_C_UAID_E89C257F851EB70F02_1448164545
 |- Actor Package: /Game/__ExternalActors__/ThirdPerson/Maps/ThirdPersonMap/C/PO/UY1FBWDL9VSG376NLB8CNK
 |- Actor Path: /Game/ThirdPerson/Maps/ThirdPersonMap.ThirdPersonMap:PersistentLevel.SM_Plate_2_Blueprint_C_UAID_E89C257F851E021002_1162390743
 |- Actor Package: /Game/__ExternalActors__/ThirdPerson/Maps/ThirdPersonMap/0/FV/IQCG2FQ4Z7GPVVMVM7BCLB
 |- Actor Path: /Game/ThirdPerson/Maps/ThirdPersonMap.ThirdPersonMap:PersistentLevel.SM_Weapon_Stand_Gr_A_Blueprint_C_UAID_E89C257F851E021002_1208690744
 |- Actor Package: /Game/__ExternalActors__/ThirdPerson/Maps/ThirdPersonMap/4/X7/03Q8L333W0SWKAG22WS016
 |- Actor Path: /Game/ThirdPerson/Maps/ThirdPersonMap.ThirdPersonMap:PersistentLevel.StaticMeshActor_1
 |- Actor Package: /Game/__ExternalActors__/ThirdPerson/Maps/ThirdPersonMap/6/YO/NG2R9BPZVA7ZDN0Z4VSTG6
 |- Actor Path: /Game/ThirdPerson/Maps/ThirdPersonMap.ThirdPersonMap:PersistentLevel.StaticMeshActor_UAID_A4AE111137DC5EFB00_1110535423
 |- Actor Package: /Game/__ExternalActors__/ThirdPerson/Maps/ThirdPersonMap/4/PN/2QISIGK5DJNQ05US8O8FXW
 |- Actor Path: /Game/ThirdPerson/Maps/ThirdPersonMap.ThirdPersonMap:PersistentLevel.StaticMeshActor_UAID_E89C257F851E021002_1468342748
 |- Actor Package: /Game/__ExternalActors__/ThirdPerson/Maps/ThirdPersonMap/B/FP/J1OX1Q1NQOPOPHH2L32QZ1
 |- Actor Path: /Game/ThirdPerson/Maps/ThirdPersonMap.ThirdPersonMap:PersistentLevel.StaticMeshActor_UAID_E89C257F851E041002_1675082108
 |- Actor Package: /Game/__ExternalActors__/ThirdPerson/Maps/ThirdPersonMap/9/B4/VMOXB9WV9I58WPZYGROI8U
 |- Actor Path: /Game/ThirdPerson/Maps/ThirdPersonMap.ThirdPersonMap:PersistentLevel.StaticMeshActor_UAID_E89C257F851E041002_1741642109
 |- Actor Package: /Game/__ExternalActors__/ThirdPerson/Maps/ThirdPersonMap/6/OC/JDH3ZHLD7SN8N5QBS0HAHR
 |- Actor Path: /Game/ThirdPerson/Maps/ThirdPersonMap.ThirdPersonMap:PersistentLevel.VolumetricCloud_0
 |- Actor Package: /Game/__ExternalActors__/ThirdPerson/Maps/ThirdPersonMap/3/EY/87SHEJN5UBEAN2K5OV1G6R
 |- Actor Path: /Game/ThirdPerson/Maps/ThirdPersonMap.ThirdPersonMap:PersistentLevel.WorldDataLayers
 |- Actor Package: /Game/__ExternalActors__/ThirdPerson/Maps/ThirdPersonMap/0/43/HYQWORMY4JDQ5X3OKZXFLC

----------------------------------------------------------------------------------------------------------------
ThirdPersonMap - Runtime Hash Set
----------------------------------------------------------------------------------------------------------------

